<?xml version="1.0" encoding="UTF-8"?>
<!-- Generated by org.testng.reporters.JUnitReportReporter -->
<testsuite skipped="0" hostname="HP-New" name="com.create.exam.ExamApplicationTests" tests="1" failures="0" timestamp="15 Jun 2019 06:14:46 GMT" time="0.008" errors="0">
  <testcase name="contextLoads" time="0.008" classname="com.create.exam.ExamApplicationTests"/>
</testsuite> <!-- com.create.exam.ExamApplicationTests -->
